
 ** bothcompact_spfs ** 

spfs.f90:     call bothcompact_spfs

 ** bothexpand_spfs ** 

spfs.f90:     call bothexpand_spfs

 ** call_flux_op_twoe ** 

electronflux.f90:  call call_flux_op_twoe

 ** call_frozen_exchange0 ** 

proputils.f90:  call call_frozen_exchange0

 ** call_frozen_matels0 ** 

proputils.f90:  call call_frozen_matels0

 ** call_twoe_matel ** 

matel.f90:!  print *, "CALL CALL_TWOE_MATEL", sizeof
matel.f90:  call call_twoe_matel

 ** get_maxsparse ** 

povactions.f90:        call get_maxsparse

 ** get_sphericalsparse ** 

povactions.f90:        call get_sphericalsparse

 ** getdensity ** 

natprojaction.f90:     call getdensity
saveactions.f90:  call getdensity

 ** getmyparams ** 

mctdhf.f90:  call getmyparams

 ** hatom_matel ** 

matel.f90:  call hatom_matel

 ** hatom_op ** 

derivs.f90:     call hatom_op

 ** imvelmultiply ** 

electronflux.f90:           call imvelmultiply
electronflux.f90:           call imvelmultiply

 ** init_project ** 

mctdhf.f90:  call init_project

 ** mcompact_spfs ** 

spfs.f90:        call mcompact_spfs

 ** mexpand_spfs ** 

spfs.f90:        call mexpand_spfs

 ** mult_imke ** 

electronflux.f90:        call mult_imke
projeflux.f90:     call mult_imke

 ** mult_imxdipole ** 

electronflux.f90:           call mult_imxdipole

 ** mult_imzdipole ** 

electronflux.f90:           call mult_imzdipole

 ** mult_ke ** 

derivs.f90:     call mult_ke
derivs.f90:     call mult_ke
electronflux.f90:        call mult_ke
matel.f90:     call mult_ke

 ** mult_reducedpot ** 

derivs.f90:     call mult_reducedpot
derivs.f90:     call mult_reducedpot

 ** mult_reke ** 

electronflux.f90:        call mult_reke

 ** mult_xdipole ** 

dipolesub.f90:     call mult_xdipole
proputils.f90:     call mult_xdipole

 ** mult_ydipole ** 

dipolesub.f90:     call mult_ydipole
proputils.f90:     call mult_ydipole

 ** mult_zdipole ** 

dipolesub.f90:     call mult_zdipole
proputils.f90:     call mult_zdipole

 ** myprojectalloc ** 

mctdhf.f90:  call myprojectalloc

 ** nucdipvalue ** 

dipolesub.f90:  call nucdipvalue
matel.f90:     call nucdipvalue

 ** op_frozenreduced ** 

derivs.f90:        call op_frozenreduced
matel.f90:        call op_frozenreduced

 ** op_imyderiv ** 

electronflux.f90:        call op_imyderiv

 ** op_reyderiv ** 

electronflux.f90:        call op_reyderiv

 ** op_yderiv ** 

derivs.f90:        call op_yderiv
derivs.f90:        call op_yderiv
electronflux.f90:        call op_yderiv
matel.f90:        call op_yderiv

 ** printmyopts ** 

getparams.f90:  call printmyopts

 ** restrict_spfs0 ** 

spfs.f90:     call restrict_spfs0

 ** transferparams ** 

mctdhf.f90:  call transferparams

 ** twoedealloc ** 

mctdhf.f90:  call twoedealloc

 ** ugrestrict_spfs0 ** 

spfs.f90:        call ugrestrict_spfs0

 ** velmultiply ** 

derivs.f90:           call velmultiply
driving.f90:           call velmultiply
driving.f90:           call velmultiply
driving.f90:           call velmultiply
matel.f90:        call velmultiply
matel.f90:        call velmultiply
matel.f90:        call velmultiply
