 bothcompact_spfs
 bothexpand_spfs
 call_flux_op_twoe
 call_frozen_exchange0
 call_frozen_matels0
 call_twoe_matel
 get_maxsparse
 get_maxsparse
 get_maxsparse
 get_sphericalsparse
 get_sphericalsparse
 get_sphericalsparse
 getdensity
 getdensity
 getmyparams
 getmyparams
 getmyparams
 hatom_matel
 hatom_op
 imvelmultiply
 imvelmultiply
 init_project
 init_project
 init_project
 init_project
 mcompact_spfs
 mexpand_spfs
 mult_imke
 mult_imke
 mult_imxdipole
 mult_imzdipole
 mult_ke
 mult_ke
 mult_ke
 mult_ke
 mult_reducedpot
 mult_reducedpot
 mult_reke
 mult_xdipole
 mult_xdipole
 mult_ydipole
 mult_ydipole
 mult_zdipole
 mult_zdipole
 myprojectalloc
 myprojectalloc
 myprojectalloc
 nucdipvalue
 nucdipvalue
 nucdipvalue
 nucdipvalue
 nucdipvalue
 nucdipvalue
 op_frozenreduced
 op_frozenreduced
 op_imyderiv
 op_imyderiv
 op_imyderiv
 op_reyderiv
 op_reyderiv
 op_reyderiv
 op_yderiv
 op_yderiv
 op_yderiv
 op_yderiv
 op_yderiv
 op_yderiv
 op_yderiv
 op_yderiv
 op_yderiv
 op_yderiv
 op_yderiv
 op_yderiv
 printmyopts
 printmyopts
 printmyopts
 restrict_spfs0
 restrict_spfs0
 transferparams
 twoedealloc
 ugrestrict_spfs0
 ugrestrict_spfs0
 velmultiply
 velmultiply
 velmultiply
 velmultiply
 velmultiply
 velmultiply
 velmultiply
! myprojectdealloc
! myprojectdealloc
! print *, "CALL CALL_TWOE_MATEL", sizeof
